{
  "stats": {
    "suites": 5,
    "tests": 6,
    "passes": 6,
    "pending": 0,
    "failures": 0,
    "start": "2025-01-09T17:30:40.157Z",
    "end": "2025-01-09T17:30:41.110Z",
    "duration": 953,
    "testsRegistered": 6,
    "passPercent": 100,
    "pendingPercent": 0,
    "other": 0,
    "hasOther": false,
    "skipped": 0,
    "hasSkipped": false
  },
  "results": [
    {
      "uuid": "d76b2f91-198b-40e1-8e2e-00a52c586749",
      "title": "",
      "fullFile": "",
      "file": "",
      "beforeHooks": [],
      "afterHooks": [],
      "tests": [],
      "suites": [
        {
          "uuid": "a28ead4f-7bb8-4bfe-b648-f336f5fb7a1a",
          "title": "demo test-suite 1",
          "fullFile": "C:\\DigitalSkola\\Sesi5_APIautomation\\api_testAuto_ds\\test\\test_demo.js",
          "file": "\\test\\test_demo.js",
          "beforeHooks": [],
          "afterHooks": [],
          "tests": [
            {
              "title": "test case 1",
              "fullTitle": "demo test-suite 1 test case 1",
              "timedOut": false,
              "duration": 0,
              "state": "passed",
              "speed": "fast",
              "pass": true,
              "fail": false,
              "pending": false,
              "context": null,
              "code": "console.log('Ini hasil test');",
              "err": {},
              "uuid": "0b870c2a-351f-4f46-b951-6ad0101485e7",
              "parentUUID": "a28ead4f-7bb8-4bfe-b648-f336f5fb7a1a",
              "isHook": false,
              "skipped": false
            },
            {
              "title": "test case 2",
              "fullTitle": "demo test-suite 1 test case 2",
              "timedOut": false,
              "duration": 0,
              "state": "passed",
              "speed": "fast",
              "pass": true,
              "fail": false,
              "pending": false,
              "context": null,
              "code": "console.log('Ini hasil test');",
              "err": {},
              "uuid": "b0a86785-6163-448b-b219-b0eaa5b6b08f",
              "parentUUID": "a28ead4f-7bb8-4bfe-b648-f336f5fb7a1a",
              "isHook": false,
              "skipped": false
            }
          ],
          "suites": [
            {
              "uuid": "fab589d4-097c-4c49-b017-a58b164eab94",
              "title": "demo test-suite 2",
              "fullFile": "C:\\DigitalSkola\\Sesi5_APIautomation\\api_testAuto_ds\\test\\test_demo.js",
              "file": "\\test\\test_demo.js",
              "beforeHooks": [],
              "afterHooks": [],
              "tests": [
                {
                  "title": "test case 3",
                  "fullTitle": "demo test-suite 1 demo test-suite 2 test case 3",
                  "timedOut": false,
                  "duration": 0,
                  "state": "passed",
                  "speed": "fast",
                  "pass": true,
                  "fail": false,
                  "pending": false,
                  "context": null,
                  "code": "console.log('Ini hasil test');",
                  "err": {},
                  "uuid": "f57235f5-3f52-485e-8650-42449db76c32",
                  "parentUUID": "fab589d4-097c-4c49-b017-a58b164eab94",
                  "isHook": false,
                  "skipped": false
                }
              ],
              "suites": [],
              "passes": [
                "f57235f5-3f52-485e-8650-42449db76c32"
              ],
              "failures": [],
              "pending": [],
              "skipped": [],
              "duration": 0,
              "root": false,
              "rootEmpty": false,
              "_timeout": 2000
            }
          ],
          "passes": [
            "0b870c2a-351f-4f46-b951-6ad0101485e7",
            "b0a86785-6163-448b-b219-b0eaa5b6b08f"
          ],
          "failures": [],
          "pending": [],
          "skipped": [],
          "duration": 0,
          "root": false,
          "rootEmpty": false,
          "_timeout": 2000
        },
        {
          "uuid": "d2cb9de4-c2db-4511-a980-ebaeca60ad28",
          "title": "Demo test-suite 3",
          "fullFile": "C:\\DigitalSkola\\Sesi5_APIautomation\\api_testAuto_ds\\test\\test_demo.js",
          "file": "\\test\\test_demo.js",
          "beforeHooks": [],
          "afterHooks": [],
          "tests": [
            {
              "title": "Test case 4",
              "fullTitle": "Demo test-suite 3 Test case 4",
              "timedOut": false,
              "duration": 0,
              "state": "passed",
              "speed": "fast",
              "pass": true,
              "fail": false,
              "pending": false,
              "context": null,
              "code": "console.log('Ini hasil test');",
              "err": {},
              "uuid": "a82e1c70-c821-453d-9aa4-24ab9d4594b2",
              "parentUUID": "d2cb9de4-c2db-4511-a980-ebaeca60ad28",
              "isHook": false,
              "skipped": false
            }
          ],
          "suites": [],
          "passes": [
            "a82e1c70-c821-453d-9aa4-24ab9d4594b2"
          ],
          "failures": [],
          "pending": [],
          "skipped": [],
          "duration": 0,
          "root": false,
          "rootEmpty": false,
          "_timeout": 2000
        },
        {
          "uuid": "65058cd1-825d-4b37-b5a7-aba389ecf55b",
          "title": "API Test for \"restful-api.dev\"",
          "fullFile": "C:\\DigitalSkola\\Sesi5_APIautomation\\api_testAuto_ds\\test\\test_get.js",
          "file": "\\test\\test_get.js",
          "beforeHooks": [],
          "afterHooks": [],
          "tests": [
            {
              "title": "Test - GET All Objects",
              "fullTitle": "API Test for \"restful-api.dev\" Test - GET All Objects",
              "timedOut": false,
              "duration": 507,
              "state": "passed",
              "speed": "slow",
              "pass": true,
              "fail": false,
              "pending": false,
              "context": null,
              "code": "const response = await request('https://api.restful-api.dev/')\n    .get('objects');\n// Log response\nif (response.statusCode === 200) {\n    assert.equal(response.statusCode, 200);\n    assert.equal(response.body[0].id, 1);\n    assert.equal(response.body[0].name, 'Google Pixel 6 Pro');\n    assert.equal(response.body[0].data.color, 'Cloudy White');\n    console.log('Test Passed', response.body[0]);\n} else {\n    console.log('Test Failed');\n}\n//console.log(response.body);",
              "err": {},
              "uuid": "2db5acb9-3b68-4a3b-aef3-089935ac3931",
              "parentUUID": "65058cd1-825d-4b37-b5a7-aba389ecf55b",
              "isHook": false,
              "skipped": false
            }
          ],
          "suites": [],
          "passes": [
            "2db5acb9-3b68-4a3b-aef3-089935ac3931"
          ],
          "failures": [],
          "pending": [],
          "skipped": [],
          "duration": 507,
          "root": false,
          "rootEmpty": false,
          "_timeout": 2000
        },
        {
          "uuid": "37a4bf28-2ac7-4e7d-b2e3-0280e640e471",
          "title": "API Test for \"restful-api.dev\"",
          "fullFile": "C:\\DigitalSkola\\Sesi5_APIautomation\\api_testAuto_ds\\test\\test_post.js",
          "file": "\\test\\test_post.js",
          "beforeHooks": [],
          "afterHooks": [],
          "tests": [
            {
              "title": "Test - POST New Object",
              "fullTitle": "API Test for \"restful-api.dev\" Test - POST New Object",
              "timedOut": false,
              "duration": 413,
              "state": "passed",
              "speed": "slow",
              "pass": true,
              "fail": false,
              "pending": false,
              "context": null,
              "code": "const body = {\n   \n    \"name\": \"Apple MacBook Pro 16\",\n    \"data\": {\n        \"year\": 2019,\n        \"price\": 1849.99,\n        \"CPU model\": \"Intel Core i9\",\n        \"Hard disk size\": \"1 TB\"\n    }\n};\n\n        const response = await request('https://api.restful-api.dev/')\n        .post('objects')\n        .send(body);\n        console.log(response.statusCode);\n        \n        // Assertion\n        if (response.statusCode === 200) {\nconsole.log('Test Passed', response.body);\n        } else {\nconsole.log('Test Failed');\n        }\n\n        const schemaPath = './resources/jsonSchema/post-object-schema.json';\n        const jsonSchema = JSON.parse(fs.readFileSync(schemaPath, 'utf8'));\n\n        assert.jsonSchema(response.body, jsonSchema);",
              "err": {},
              "uuid": "d7d09ae3-336a-4fd5-8a96-426cc4e4eb1f",
              "parentUUID": "37a4bf28-2ac7-4e7d-b2e3-0280e640e471",
              "isHook": false,
              "skipped": false
            }
          ],
          "suites": [],
          "passes": [
            "d7d09ae3-336a-4fd5-8a96-426cc4e4eb1f"
          ],
          "failures": [],
          "pending": [],
          "skipped": [],
          "duration": 413,
          "root": false,
          "rootEmpty": false,
          "_timeout": 2000
        }
      ],
      "passes": [],
      "failures": [],
      "pending": [],
      "skipped": [],
      "duration": 0,
      "root": true,
      "rootEmpty": true,
      "_timeout": 2000
    }
  ],
  "meta": {
    "mocha": {
      "version": "10.8.2"
    },
    "mochawesome": {
      "options": {
        "quiet": false,
        "reportFilename": "mochawesome",
        "saveHtml": true,
        "saveJson": true,
        "consoleReporter": "spec",
        "useInlineDiffs": false,
        "code": true
      },
      "version": "7.1.3"
    },
    "marge": {
      "options": null,
      "version": "6.2.0"
    }
  }
}